<?xml version="1.0" encoding="UTF-8"?>
<testsuite xmlns:xsi="http://www.w3.org/2001/XMLSchema-instance" xsi:noNamespaceSchemaLocation="https://maven.apache.org/surefire/maven-surefire-plugin/xsd/surefire-test-report.xsd" name="xyz.zwxin.work.boxiaotong.utils.ProductUtilTest" time="0.017" tests="6" errors="0" skipped="0" failures="0">
  <properties>
    <property name="java.specification.version" value="17"/>
    <property name="sun.cpu.isalist" value="amd64"/>
    <property name="sun.jnu.encoding" value="GBK"/>
    <property name="java.class.path" value="D:\Project\JAVA\bxt\target\test-classes;D:\Project\JAVA\bxt\target\classes;D:\Program\CTool\Mavenrepository\org\springframework\boot\spring-boot-starter-web\2.7.9\spring-boot-starter-web-2.7.9.jar;D:\Program\CTool\Mavenrepository\org\springframework\boot\spring-boot-starter\2.7.9\spring-boot-starter-2.7.9.jar;D:\Program\CTool\Mavenrepository\org\springframework\boot\spring-boot\2.7.9\spring-boot-2.7.9.jar;D:\Program\CTool\Mavenrepository\org\springframework\boot\spring-boot-starter-logging\2.7.9\spring-boot-starter-logging-2.7.9.jar;D:\Program\CTool\Mavenrepository\ch\qos\logback\logback-classic\1.2.11\logback-classic-1.2.11.jar;D:\Program\CTool\Mavenrepository\ch\qos\logback\logback-core\1.2.11\logback-core-1.2.11.jar;D:\Program\CTool\Mavenrepository\org\apache\logging\log4j\log4j-to-slf4j\2.17.2\log4j-to-slf4j-2.17.2.jar;D:\Program\CTool\Mavenrepository\org\apache\logging\log4j\log4j-api\2.17.2\log4j-api-2.17.2.jar;D:\Program\CTool\Mavenrepository\org\slf4j\jul-to-slf4j\1.7.36\jul-to-slf4j-1.7.36.jar;D:\Program\CTool\Mavenrepository\jakarta\annotation\jakarta.annotation-api\1.3.5\jakarta.annotation-api-1.3.5.jar;D:\Program\CTool\Mavenrepository\org\yaml\snakeyaml\1.30\snakeyaml-1.30.jar;D:\Program\CTool\Mavenrepository\org\springframework\boot\spring-boot-starter-json\2.7.9\spring-boot-starter-json-2.7.9.jar;D:\Program\CTool\Mavenrepository\com\fasterxml\jackson\core\jackson-databind\2.13.5\jackson-databind-2.13.5.jar;D:\Program\CTool\Mavenrepository\com\fasterxml\jackson\core\jackson-annotations\2.13.5\jackson-annotations-2.13.5.jar;D:\Program\CTool\Mavenrepository\com\fasterxml\jackson\core\jackson-core\2.13.5\jackson-core-2.13.5.jar;D:\Program\CTool\Mavenrepository\com\fasterxml\jackson\datatype\jackson-datatype-jdk8\2.13.5\jackson-datatype-jdk8-2.13.5.jar;D:\Program\CTool\Mavenrepository\com\fasterxml\jackson\datatype\jackson-datatype-jsr310\2.13.5\jackson-datatype-jsr310-2.13.5.jar;D:\Program\CTool\Mavenrepository\com\fasterxml\jackson\module\jackson-module-parameter-names\2.13.5\jackson-module-parameter-names-2.13.5.jar;D:\Program\CTool\Mavenrepository\org\springframework\boot\spring-boot-starter-tomcat\2.7.9\spring-boot-starter-tomcat-2.7.9.jar;D:\Program\CTool\Mavenrepository\org\apache\tomcat\embed\tomcat-embed-core\9.0.71\tomcat-embed-core-9.0.71.jar;D:\Program\CTool\Mavenrepository\org\apache\tomcat\embed\tomcat-embed-el\9.0.71\tomcat-embed-el-9.0.71.jar;D:\Program\CTool\Mavenrepository\org\apache\tomcat\embed\tomcat-embed-websocket\9.0.71\tomcat-embed-websocket-9.0.71.jar;D:\Program\CTool\Mavenrepository\org\springframework\spring-web\5.3.25\spring-web-5.3.25.jar;D:\Program\CTool\Mavenrepository\org\springframework\spring-beans\5.3.25\spring-beans-5.3.25.jar;D:\Program\CTool\Mavenrepository\org\springframework\spring-webmvc\5.3.25\spring-webmvc-5.3.25.jar;D:\Program\CTool\Mavenrepository\org\springframework\spring-aop\5.3.25\spring-aop-5.3.25.jar;D:\Program\CTool\Mavenrepository\org\springframework\spring-context\5.3.25\spring-context-5.3.25.jar;D:\Program\CTool\Mavenrepository\org\springframework\spring-expression\5.3.25\spring-expression-5.3.25.jar;D:\Program\CTool\Mavenrepository\org\projectlombok\lombok\1.18.26\lombok-1.18.26.jar;D:\Program\CTool\Mavenrepository\org\springframework\boot\spring-boot-starter-test\2.7.9\spring-boot-starter-test-2.7.9.jar;D:\Program\CTool\Mavenrepository\org\springframework\boot\spring-boot-test\2.7.9\spring-boot-test-2.7.9.jar;D:\Program\CTool\Mavenrepository\org\springframework\boot\spring-boot-test-autoconfigure\2.7.9\spring-boot-test-autoconfigure-2.7.9.jar;D:\Program\CTool\Mavenrepository\com\jayway\jsonpath\json-path\2.7.0\json-path-2.7.0.jar;D:\Program\CTool\Mavenrepository\net\minidev\json-smart\2.4.8\json-smart-2.4.8.jar;D:\Program\CTool\Mavenrepository\net\minidev\accessors-smart\2.4.8\accessors-smart-2.4.8.jar;D:\Program\CTool\Mavenrepository\org\ow2\asm\asm\9.1\asm-9.1.jar;D:\Program\CTool\Mavenrepository\jakarta\xml\bind\jakarta.xml.bind-api\2.3.3\jakarta.xml.bind-api-2.3.3.jar;D:\Program\CTool\Mavenrepository\jakarta\activation\jakarta.activation-api\1.2.2\jakarta.activation-api-1.2.2.jar;D:\Program\CTool\Mavenrepository\org\assertj\assertj-core\3.22.0\assertj-core-3.22.0.jar;D:\Program\CTool\Mavenrepository\org\hamcrest\hamcrest\2.2\hamcrest-2.2.jar;D:\Program\CTool\Mavenrepository\org\junit\jupiter\junit-jupiter\5.8.2\junit-jupiter-5.8.2.jar;D:\Program\CTool\Mavenrepository\org\junit\jupiter\junit-jupiter-api\5.8.2\junit-jupiter-api-5.8.2.jar;D:\Program\CTool\Mavenrepository\org\opentest4j\opentest4j\1.2.0\opentest4j-1.2.0.jar;D:\Program\CTool\Mavenrepository\org\junit\platform\junit-platform-commons\1.8.2\junit-platform-commons-1.8.2.jar;D:\Program\CTool\Mavenrepository\org\apiguardian\apiguardian-api\1.1.2\apiguardian-api-1.1.2.jar;D:\Program\CTool\Mavenrepository\org\junit\jupiter\junit-jupiter-params\5.8.2\junit-jupiter-params-5.8.2.jar;D:\Program\CTool\Mavenrepository\org\junit\jupiter\junit-jupiter-engine\5.8.2\junit-jupiter-engine-5.8.2.jar;D:\Program\CTool\Mavenrepository\org\junit\platform\junit-platform-engine\1.8.2\junit-platform-engine-1.8.2.jar;D:\Program\CTool\Mavenrepository\org\mockito\mockito-core\4.5.1\mockito-core-4.5.1.jar;D:\Program\CTool\Mavenrepository\net\bytebuddy\byte-buddy\1.12.23\byte-buddy-1.12.23.jar;D:\Program\CTool\Mavenrepository\net\bytebuddy\byte-buddy-agent\1.12.23\byte-buddy-agent-1.12.23.jar;D:\Program\CTool\Mavenrepository\org\objenesis\objenesis\3.2\objenesis-3.2.jar;D:\Program\CTool\Mavenrepository\org\mockito\mockito-junit-jupiter\4.5.1\mockito-junit-jupiter-4.5.1.jar;D:\Program\CTool\Mavenrepository\org\skyscreamer\jsonassert\1.5.1\jsonassert-1.5.1.jar;D:\Program\CTool\Mavenrepository\com\vaadin\external\google\android-json\0.0.20131108.vaadin1\android-json-0.0.20131108.vaadin1.jar;D:\Program\CTool\Mavenrepository\org\springframework\spring-core\5.3.25\spring-core-5.3.25.jar;D:\Program\CTool\Mavenrepository\org\springframework\spring-jcl\5.3.25\spring-jcl-5.3.25.jar;D:\Program\CTool\Mavenrepository\org\springframework\spring-test\5.3.25\spring-test-5.3.25.jar;D:\Program\CTool\Mavenrepository\org\xmlunit\xmlunit-core\2.9.1\xmlunit-core-2.9.1.jar;D:\Program\CTool\Mavenrepository\com\mysql\mysql-connector-j\8.0.32\mysql-connector-j-8.0.32.jar;D:\Program\CTool\Mavenrepository\com\baomidou\mybatis-plus-boot-starter\3.4.2\mybatis-plus-boot-starter-3.4.2.jar;D:\Program\CTool\Mavenrepository\com\baomidou\mybatis-plus\3.4.2\mybatis-plus-3.4.2.jar;D:\Program\CTool\Mavenrepository\com\baomidou\mybatis-plus-extension\3.4.2\mybatis-plus-extension-3.4.2.jar;D:\Program\CTool\Mavenrepository\com\baomidou\mybatis-plus-core\3.4.2\mybatis-plus-core-3.4.2.jar;D:\Program\CTool\Mavenrepository\com\baomidou\mybatis-plus-annotation\3.4.2\mybatis-plus-annotation-3.4.2.jar;D:\Program\CTool\Mavenrepository\com\github\jsqlparser\jsqlparser\4.0\jsqlparser-4.0.jar;D:\Program\CTool\Mavenrepository\org\mybatis\mybatis\3.5.6\mybatis-3.5.6.jar;D:\Program\CTool\Mavenrepository\org\mybatis\mybatis-spring\2.0.5\mybatis-spring-2.0.5.jar;D:\Program\CTool\Mavenrepository\org\springframework\boot\spring-boot-autoconfigure\2.7.9\spring-boot-autoconfigure-2.7.9.jar;D:\Program\CTool\Mavenrepository\org\springframework\boot\spring-boot-starter-jdbc\2.7.9\spring-boot-starter-jdbc-2.7.9.jar;D:\Program\CTool\Mavenrepository\com\zaxxer\HikariCP\4.0.3\HikariCP-4.0.3.jar;D:\Program\CTool\Mavenrepository\org\springframework\spring-jdbc\5.3.25\spring-jdbc-5.3.25.jar;D:\Program\CTool\Mavenrepository\org\springframework\spring-tx\5.3.25\spring-tx-5.3.25.jar;D:\Program\CTool\Mavenrepository\com\alibaba\druid-spring-boot-starter\1.1.23\druid-spring-boot-starter-1.1.23.jar;D:\Program\CTool\Mavenrepository\com\alibaba\druid\1.1.23\druid-1.1.23.jar;D:\Program\CTool\Mavenrepository\org\slf4j\slf4j-api\1.7.36\slf4j-api-1.7.36.jar;D:\Program\CTool\Mavenrepository\junit\junit\4.13.2\junit-4.13.2.jar;D:\Program\CTool\Mavenrepository\org\hamcrest\hamcrest-core\2.2\hamcrest-core-2.2.jar;D:\Program\CTool\Mavenrepository\org\apache\poi\poi\5.0.0\poi-5.0.0.jar;D:\Program\CTool\Mavenrepository\org\slf4j\jcl-over-slf4j\1.7.36\jcl-over-slf4j-1.7.36.jar;D:\Program\CTool\Mavenrepository\commons-codec\commons-codec\1.15\commons-codec-1.15.jar;D:\Program\CTool\Mavenrepository\org\apache\commons\commons-collections4\4.4\commons-collections4-4.4.jar;D:\Program\CTool\Mavenrepository\org\apache\commons\commons-math3\3.6.1\commons-math3-3.6.1.jar;D:\Program\CTool\Mavenrepository\com\zaxxer\SparseBitSet\1.2\SparseBitSet-1.2.jar;D:\Program\CTool\Mavenrepository\org\apache\poi\poi-ooxml\5.0.0\poi-ooxml-5.0.0.jar;D:\Program\CTool\Mavenrepository\org\apache\poi\poi-ooxml-lite\5.0.0\poi-ooxml-lite-5.0.0.jar;D:\Program\CTool\Mavenrepository\org\apache\xmlbeans\xmlbeans\4.0.0\xmlbeans-4.0.0.jar;D:\Program\CTool\Mavenrepository\com\github\virtuald\curvesapi\1.06\curvesapi-1.06.jar;D:\Program\CTool\Mavenrepository\org\bouncycastle\bcpkix-jdk15on\1.68\bcpkix-jdk15on-1.68.jar;D:\Program\CTool\Mavenrepository\org\bouncycastle\bcprov-jdk15on\1.68\bcprov-jdk15on-1.68.jar;D:\Program\CTool\Mavenrepository\org\apache\santuario\xmlsec\2.2.1\xmlsec-2.2.1.jar;D:\Program\CTool\Mavenrepository\com\fasterxml\woodstox\woodstox-core\5.2.1\woodstox-core-5.2.1.jar;D:\Program\CTool\Mavenrepository\org\codehaus\woodstox\stax2-api\4.2\stax2-api-4.2.jar;D:\Program\CTool\Mavenrepository\org\apache\xmlgraphics\batik-all\1.13\batik-all-1.13.jar;D:\Program\CTool\Mavenrepository\org\apache\xmlgraphics\batik-anim\1.13\batik-anim-1.13.jar;D:\Program\CTool\Mavenrepository\org\apache\xmlgraphics\batik-shared-resources\1.13\batik-shared-resources-1.13.jar;D:\Program\CTool\Mavenrepository\xml-apis\xml-apis-ext\1.3.04\xml-apis-ext-1.3.04.jar;D:\Program\CTool\Mavenrepository\org\apache\xmlgraphics\batik-awt-util\1.13\batik-awt-util-1.13.jar;D:\Program\CTool\Mavenrepository\org\apache\xmlgraphics\xmlgraphics-commons\2.4\xmlgraphics-commons-2.4.jar;D:\Program\CTool\Mavenrepository\commons-io\commons-io\1.3.1\commons-io-1.3.1.jar;D:\Program\CTool\Mavenrepository\org\apache\xmlgraphics\batik-bridge\1.13\batik-bridge-1.13.jar;D:\Program\CTool\Mavenrepository\org\apache\xmlgraphics\batik-codec\1.13\batik-codec-1.13.jar;D:\Program\CTool\Mavenrepository\org\apache\xmlgraphics\batik-constants\1.13\batik-constants-1.13.jar;D:\Program\CTool\Mavenrepository\org\apache\xmlgraphics\batik-css\1.13\batik-css-1.13.jar;D:\Program\CTool\Mavenrepository\org\apache\xmlgraphics\batik-dom\1.13\batik-dom-1.13.jar;D:\Program\CTool\Mavenrepository\xalan\xalan\2.7.2\xalan-2.7.2.jar;D:\Program\CTool\Mavenrepository\xalan\serializer\2.7.2\serializer-2.7.2.jar;D:\Program\CTool\Mavenrepository\xml-apis\xml-apis\1.4.01\xml-apis-1.4.01.jar;D:\Program\CTool\Mavenrepository\org\apache\xmlgraphics\batik-ext\1.13\batik-ext-1.13.jar;D:\Program\CTool\Mavenrepository\org\apache\xmlgraphics\batik-extension\1.13\batik-extension-1.13.jar;D:\Program\CTool\Mavenrepository\org\apache\xmlgraphics\batik-gui-util\1.13\batik-gui-util-1.13.jar;D:\Program\CTool\Mavenrepository\org\apache\xmlgraphics\batik-gvt\1.13\batik-gvt-1.13.jar;D:\Program\CTool\Mavenrepository\org\apache\xmlgraphics\batik-i18n\1.13\batik-i18n-1.13.jar;D:\Program\CTool\Mavenrepository\org\apache\xmlgraphics\batik-parser\1.13\batik-parser-1.13.jar;D:\Program\CTool\Mavenrepository\org\apache\xmlgraphics\batik-rasterizer-ext\1.13\batik-rasterizer-ext-1.13.jar;D:\Program\CTool\Mavenrepository\org\apache\xmlgraphics\batik-rasterizer\1.13\batik-rasterizer-1.13.jar;D:\Program\CTool\Mavenrepository\org\apache\xmlgraphics\batik-script\1.13\batik-script-1.13.jar;D:\Program\CTool\Mavenrepository\org\apache\xmlgraphics\batik-slideshow\1.13\batik-slideshow-1.13.jar;D:\Program\CTool\Mavenrepository\org\apache\xmlgraphics\batik-squiggle-ext\1.13\batik-squiggle-ext-1.13.jar;D:\Program\CTool\Mavenrepository\org\apache\xmlgraphics\batik-squiggle\1.13\batik-squiggle-1.13.jar;D:\Program\CTool\Mavenrepository\org\apache\xmlgraphics\batik-svg-dom\1.13\batik-svg-dom-1.13.jar;D:\Program\CTool\Mavenrepository\org\apache\xmlgraphics\batik-svgbrowser\1.13\batik-svgbrowser-1.13.jar;D:\Program\CTool\Mavenrepository\org\apache\xmlgraphics\batik-svggen\1.13\batik-svggen-1.13.jar;D:\Program\CTool\Mavenrepository\org\apache\xmlgraphics\batik-svgpp\1.13\batik-svgpp-1.13.jar;D:\Program\CTool\Mavenrepository\org\apache\xmlgraphics\batik-svgrasterizer\1.13\batik-svgrasterizer-1.13.jar;D:\Program\CTool\Mavenrepository\org\apache\xmlgraphics\batik-swing\1.13\batik-swing-1.13.jar;D:\Program\CTool\Mavenrepository\org\apache\xmlgraphics\batik-transcoder\1.13\batik-transcoder-1.13.jar;D:\Program\CTool\Mavenrepository\org\apache\xmlgraphics\batik-util\1.13\batik-util-1.13.jar;D:\Program\CTool\Mavenrepository\org\apache\xmlgraphics\batik-ttf2svg\1.13\batik-ttf2svg-1.13.jar;D:\Program\CTool\Mavenrepository\org\apache\xmlgraphics\batik-xml\1.13\batik-xml-1.13.jar;D:\Program\CTool\Mavenrepository\de\rototor\pdfbox\graphics2d\0.30\graphics2d-0.30.jar;D:\Program\CTool\Mavenrepository\org\apache\pdfbox\pdfbox\2.0.22\pdfbox-2.0.22.jar;D:\Program\CTool\Mavenrepository\org\apache\pdfbox\fontbox\2.0.22\fontbox-2.0.22.jar;D:\Program\CTool\Mavenrepository\org\apache\commons\commons-compress\1.21\commons-compress-1.21.jar;D:\Program\CTool\Mavenrepository\org\springframework\boot\spring-boot-starter-thymeleaf\2.7.9\spring-boot-starter-thymeleaf-2.7.9.jar;D:\Program\CTool\Mavenrepository\org\thymeleaf\thymeleaf-spring5\3.0.15.RELEASE\thymeleaf-spring5-3.0.15.RELEASE.jar;D:\Program\CTool\Mavenrepository\org\thymeleaf\thymeleaf\3.0.15.RELEASE\thymeleaf-3.0.15.RELEASE.jar;D:\Program\CTool\Mavenrepository\org\attoparser\attoparser\2.0.5.RELEASE\attoparser-2.0.5.RELEASE.jar;D:\Program\CTool\Mavenrepository\org\unbescape\unbescape\1.1.6.RELEASE\unbescape-1.1.6.RELEASE.jar;D:\Program\CTool\Mavenrepository\org\thymeleaf\extras\thymeleaf-extras-java8time\3.0.4.RELEASE\thymeleaf-extras-java8time-3.0.4.RELEASE.jar;D:\Program\CTool\Mavenrepository\com\alibaba\fastjson\1.2.73\fastjson-1.2.73.jar;"/>
    <property name="java.vm.vendor" value="Amazon.com Inc."/>
    <property name="sun.arch.data.model" value="64"/>
    <property name="user.variant" value=""/>
    <property name="java.vendor.url" value="https://aws.amazon.com/corretto/"/>
    <property name="user.timezone" value="Asia/Shanghai"/>
    <property name="os.name" value="Windows 10"/>
    <property name="java.vm.specification.version" value="17"/>
    <property name="sun.java.launcher" value="SUN_STANDARD"/>
    <property name="user.country" value="CN"/>
    <property name="sun.boot.library.path" value="D:\Program\CTool\JKD\17\bin"/>
    <property name="sun.java.command" value="C:\Users\zhuwx\AppData\Local\Temp\surefire9448208743277510535\surefirebooter8034688691368163219.jar C:\Users\zhuwx\AppData\Local\Temp\surefire9448208743277510535 2023-06-08T20-37-19_330-jvmRun1 surefire9376988704716666712tmp surefire_016359496927907363294tmp"/>
    <property name="jdk.debug" value="release"/>
    <property name="surefire.test.class.path" value="D:\Project\JAVA\bxt\target\test-classes;D:\Project\JAVA\bxt\target\classes;D:\Program\CTool\Mavenrepository\org\springframework\boot\spring-boot-starter-web\2.7.9\spring-boot-starter-web-2.7.9.jar;D:\Program\CTool\Mavenrepository\org\springframework\boot\spring-boot-starter\2.7.9\spring-boot-starter-2.7.9.jar;D:\Program\CTool\Mavenrepository\org\springframework\boot\spring-boot\2.7.9\spring-boot-2.7.9.jar;D:\Program\CTool\Mavenrepository\org\springframework\boot\spring-boot-starter-logging\2.7.9\spring-boot-starter-logging-2.7.9.jar;D:\Program\CTool\Mavenrepository\ch\qos\logback\logback-classic\1.2.11\logback-classic-1.2.11.jar;D:\Program\CTool\Mavenrepository\ch\qos\logback\logback-core\1.2.11\logback-core-1.2.11.jar;D:\Program\CTool\Mavenrepository\org\apache\logging\log4j\log4j-to-slf4j\2.17.2\log4j-to-slf4j-2.17.2.jar;D:\Program\CTool\Mavenrepository\org\apache\logging\log4j\log4j-api\2.17.2\log4j-api-2.17.2.jar;D:\Program\CTool\Mavenrepository\org\slf4j\jul-to-slf4j\1.7.36\jul-to-slf4j-1.7.36.jar;D:\Program\CTool\Mavenrepository\jakarta\annotation\jakarta.annotation-api\1.3.5\jakarta.annotation-api-1.3.5.jar;D:\Program\CTool\Mavenrepository\org\yaml\snakeyaml\1.30\snakeyaml-1.30.jar;D:\Program\CTool\Mavenrepository\org\springframework\boot\spring-boot-starter-json\2.7.9\spring-boot-starter-json-2.7.9.jar;D:\Program\CTool\Mavenrepository\com\fasterxml\jackson\core\jackson-databind\2.13.5\jackson-databind-2.13.5.jar;D:\Program\CTool\Mavenrepository\com\fasterxml\jackson\core\jackson-annotations\2.13.5\jackson-annotations-2.13.5.jar;D:\Program\CTool\Mavenrepository\com\fasterxml\jackson\core\jackson-core\2.13.5\jackson-core-2.13.5.jar;D:\Program\CTool\Mavenrepository\com\fasterxml\jackson\datatype\jackson-datatype-jdk8\2.13.5\jackson-datatype-jdk8-2.13.5.jar;D:\Program\CTool\Mavenrepository\com\fasterxml\jackson\datatype\jackson-datatype-jsr310\2.13.5\jackson-datatype-jsr310-2.13.5.jar;D:\Program\CTool\Mavenrepository\com\fasterxml\jackson\module\jackson-module-parameter-names\2.13.5\jackson-module-parameter-names-2.13.5.jar;D:\Program\CTool\Mavenrepository\org\springframework\boot\spring-boot-starter-tomcat\2.7.9\spring-boot-starter-tomcat-2.7.9.jar;D:\Program\CTool\Mavenrepository\org\apache\tomcat\embed\tomcat-embed-core\9.0.71\tomcat-embed-core-9.0.71.jar;D:\Program\CTool\Mavenrepository\org\apache\tomcat\embed\tomcat-embed-el\9.0.71\tomcat-embed-el-9.0.71.jar;D:\Program\CTool\Mavenrepository\org\apache\tomcat\embed\tomcat-embed-websocket\9.0.71\tomcat-embed-websocket-9.0.71.jar;D:\Program\CTool\Mavenrepository\org\springframework\spring-web\5.3.25\spring-web-5.3.25.jar;D:\Program\CTool\Mavenrepository\org\springframework\spring-beans\5.3.25\spring-beans-5.3.25.jar;D:\Program\CTool\Mavenrepository\org\springframework\spring-webmvc\5.3.25\spring-webmvc-5.3.25.jar;D:\Program\CTool\Mavenrepository\org\springframework\spring-aop\5.3.25\spring-aop-5.3.25.jar;D:\Program\CTool\Mavenrepository\org\springframework\spring-context\5.3.25\spring-context-5.3.25.jar;D:\Program\CTool\Mavenrepository\org\springframework\spring-expression\5.3.25\spring-expression-5.3.25.jar;D:\Program\CTool\Mavenrepository\org\projectlombok\lombok\1.18.26\lombok-1.18.26.jar;D:\Program\CTool\Mavenrepository\org\springframework\boot\spring-boot-starter-test\2.7.9\spring-boot-starter-test-2.7.9.jar;D:\Program\CTool\Mavenrepository\org\springframework\boot\spring-boot-test\2.7.9\spring-boot-test-2.7.9.jar;D:\Program\CTool\Mavenrepository\org\springframework\boot\spring-boot-test-autoconfigure\2.7.9\spring-boot-test-autoconfigure-2.7.9.jar;D:\Program\CTool\Mavenrepository\com\jayway\jsonpath\json-path\2.7.0\json-path-2.7.0.jar;D:\Program\CTool\Mavenrepository\net\minidev\json-smart\2.4.8\json-smart-2.4.8.jar;D:\Program\CTool\Mavenrepository\net\minidev\accessors-smart\2.4.8\accessors-smart-2.4.8.jar;D:\Program\CTool\Mavenrepository\org\ow2\asm\asm\9.1\asm-9.1.jar;D:\Program\CTool\Mavenrepository\jakarta\xml\bind\jakarta.xml.bind-api\2.3.3\jakarta.xml.bind-api-2.3.3.jar;D:\Program\CTool\Mavenrepository\jakarta\activation\jakarta.activation-api\1.2.2\jakarta.activation-api-1.2.2.jar;D:\Program\CTool\Mavenrepository\org\assertj\assertj-core\3.22.0\assertj-core-3.22.0.jar;D:\Program\CTool\Mavenrepository\org\hamcrest\hamcrest\2.2\hamcrest-2.2.jar;D:\Program\CTool\Mavenrepository\org\junit\jupiter\junit-jupiter\5.8.2\junit-jupiter-5.8.2.jar;D:\Program\CTool\Mavenrepository\org\junit\jupiter\junit-jupiter-api\5.8.2\junit-jupiter-api-5.8.2.jar;D:\Program\CTool\Mavenrepository\org\opentest4j\opentest4j\1.2.0\opentest4j-1.2.0.jar;D:\Program\CTool\Mavenrepository\org\junit\platform\junit-platform-commons\1.8.2\junit-platform-commons-1.8.2.jar;D:\Program\CTool\Mavenrepository\org\apiguardian\apiguardian-api\1.1.2\apiguardian-api-1.1.2.jar;D:\Program\CTool\Mavenrepository\org\junit\jupiter\junit-jupiter-params\5.8.2\junit-jupiter-params-5.8.2.jar;D:\Program\CTool\Mavenrepository\org\junit\jupiter\junit-jupiter-engine\5.8.2\junit-jupiter-engine-5.8.2.jar;D:\Program\CTool\Mavenrepository\org\junit\platform\junit-platform-engine\1.8.2\junit-platform-engine-1.8.2.jar;D:\Program\CTool\Mavenrepository\org\mockito\mockito-core\4.5.1\mockito-core-4.5.1.jar;D:\Program\CTool\Mavenrepository\net\bytebuddy\byte-buddy\1.12.23\byte-buddy-1.12.23.jar;D:\Program\CTool\Mavenrepository\net\bytebuddy\byte-buddy-agent\1.12.23\byte-buddy-agent-1.12.23.jar;D:\Program\CTool\Mavenrepository\org\objenesis\objenesis\3.2\objenesis-3.2.jar;D:\Program\CTool\Mavenrepository\org\mockito\mockito-junit-jupiter\4.5.1\mockito-junit-jupiter-4.5.1.jar;D:\Program\CTool\Mavenrepository\org\skyscreamer\jsonassert\1.5.1\jsonassert-1.5.1.jar;D:\Program\CTool\Mavenrepository\com\vaadin\external\google\android-json\0.0.20131108.vaadin1\android-json-0.0.20131108.vaadin1.jar;D:\Program\CTool\Mavenrepository\org\springframework\spring-core\5.3.25\spring-core-5.3.25.jar;D:\Program\CTool\Mavenrepository\org\springframework\spring-jcl\5.3.25\spring-jcl-5.3.25.jar;D:\Program\CTool\Mavenrepository\org\springframework\spring-test\5.3.25\spring-test-5.3.25.jar;D:\Program\CTool\Mavenrepository\org\xmlunit\xmlunit-core\2.9.1\xmlunit-core-2.9.1.jar;D:\Program\CTool\Mavenrepository\com\mysql\mysql-connector-j\8.0.32\mysql-connector-j-8.0.32.jar;D:\Program\CTool\Mavenrepository\com\baomidou\mybatis-plus-boot-starter\3.4.2\mybatis-plus-boot-starter-3.4.2.jar;D:\Program\CTool\Mavenrepository\com\baomidou\mybatis-plus\3.4.2\mybatis-plus-3.4.2.jar;D:\Program\CTool\Mavenrepository\com\baomidou\mybatis-plus-extension\3.4.2\mybatis-plus-extension-3.4.2.jar;D:\Program\CTool\Mavenrepository\com\baomidou\mybatis-plus-core\3.4.2\mybatis-plus-core-3.4.2.jar;D:\Program\CTool\Mavenrepository\com\baomidou\mybatis-plus-annotation\3.4.2\mybatis-plus-annotation-3.4.2.jar;D:\Program\CTool\Mavenrepository\com\github\jsqlparser\jsqlparser\4.0\jsqlparser-4.0.jar;D:\Program\CTool\Mavenrepository\org\mybatis\mybatis\3.5.6\mybatis-3.5.6.jar;D:\Program\CTool\Mavenrepository\org\mybatis\mybatis-spring\2.0.5\mybatis-spring-2.0.5.jar;D:\Program\CTool\Mavenrepository\org\springframework\boot\spring-boot-autoconfigure\2.7.9\spring-boot-autoconfigure-2.7.9.jar;D:\Program\CTool\Mavenrepository\org\springframework\boot\spring-boot-starter-jdbc\2.7.9\spring-boot-starter-jdbc-2.7.9.jar;D:\Program\CTool\Mavenrepository\com\zaxxer\HikariCP\4.0.3\HikariCP-4.0.3.jar;D:\Program\CTool\Mavenrepository\org\springframework\spring-jdbc\5.3.25\spring-jdbc-5.3.25.jar;D:\Program\CTool\Mavenrepository\org\springframework\spring-tx\5.3.25\spring-tx-5.3.25.jar;D:\Program\CTool\Mavenrepository\com\alibaba\druid-spring-boot-starter\1.1.23\druid-spring-boot-starter-1.1.23.jar;D:\Program\CTool\Mavenrepository\com\alibaba\druid\1.1.23\druid-1.1.23.jar;D:\Program\CTool\Mavenrepository\org\slf4j\slf4j-api\1.7.36\slf4j-api-1.7.36.jar;D:\Program\CTool\Mavenrepository\junit\junit\4.13.2\junit-4.13.2.jar;D:\Program\CTool\Mavenrepository\org\hamcrest\hamcrest-core\2.2\hamcrest-core-2.2.jar;D:\Program\CTool\Mavenrepository\org\apache\poi\poi\5.0.0\poi-5.0.0.jar;D:\Program\CTool\Mavenrepository\org\slf4j\jcl-over-slf4j\1.7.36\jcl-over-slf4j-1.7.36.jar;D:\Program\CTool\Mavenrepository\commons-codec\commons-codec\1.15\commons-codec-1.15.jar;D:\Program\CTool\Mavenrepository\org\apache\commons\commons-collections4\4.4\commons-collections4-4.4.jar;D:\Program\CTool\Mavenrepository\org\apache\commons\commons-math3\3.6.1\commons-math3-3.6.1.jar;D:\Program\CTool\Mavenrepository\com\zaxxer\SparseBitSet\1.2\SparseBitSet-1.2.jar;D:\Program\CTool\Mavenrepository\org\apache\poi\poi-ooxml\5.0.0\poi-ooxml-5.0.0.jar;D:\Program\CTool\Mavenrepository\org\apache\poi\poi-ooxml-lite\5.0.0\poi-ooxml-lite-5.0.0.jar;D:\Program\CTool\Mavenrepository\org\apache\xmlbeans\xmlbeans\4.0.0\xmlbeans-4.0.0.jar;D:\Program\CTool\Mavenrepository\com\github\virtuald\curvesapi\1.06\curvesapi-1.06.jar;D:\Program\CTool\Mavenrepository\org\bouncycastle\bcpkix-jdk15on\1.68\bcpkix-jdk15on-1.68.jar;D:\Program\CTool\Mavenrepository\org\bouncycastle\bcprov-jdk15on\1.68\bcprov-jdk15on-1.68.jar;D:\Program\CTool\Mavenrepository\org\apache\santuario\xmlsec\2.2.1\xmlsec-2.2.1.jar;D:\Program\CTool\Mavenrepository\com\fasterxml\woodstox\woodstox-core\5.2.1\woodstox-core-5.2.1.jar;D:\Program\CTool\Mavenrepository\org\codehaus\woodstox\stax2-api\4.2\stax2-api-4.2.jar;D:\Program\CTool\Mavenrepository\org\apache\xmlgraphics\batik-all\1.13\batik-all-1.13.jar;D:\Program\CTool\Mavenrepository\org\apache\xmlgraphics\batik-anim\1.13\batik-anim-1.13.jar;D:\Program\CTool\Mavenrepository\org\apache\xmlgraphics\batik-shared-resources\1.13\batik-shared-resources-1.13.jar;D:\Program\CTool\Mavenrepository\xml-apis\xml-apis-ext\1.3.04\xml-apis-ext-1.3.04.jar;D:\Program\CTool\Mavenrepository\org\apache\xmlgraphics\batik-awt-util\1.13\batik-awt-util-1.13.jar;D:\Program\CTool\Mavenrepository\org\apache\xmlgraphics\xmlgraphics-commons\2.4\xmlgraphics-commons-2.4.jar;D:\Program\CTool\Mavenrepository\commons-io\commons-io\1.3.1\commons-io-1.3.1.jar;D:\Program\CTool\Mavenrepository\org\apache\xmlgraphics\batik-bridge\1.13\batik-bridge-1.13.jar;D:\Program\CTool\Mavenrepository\org\apache\xmlgraphics\batik-codec\1.13\batik-codec-1.13.jar;D:\Program\CTool\Mavenrepository\org\apache\xmlgraphics\batik-constants\1.13\batik-constants-1.13.jar;D:\Program\CTool\Mavenrepository\org\apache\xmlgraphics\batik-css\1.13\batik-css-1.13.jar;D:\Program\CTool\Mavenrepository\org\apache\xmlgraphics\batik-dom\1.13\batik-dom-1.13.jar;D:\Program\CTool\Mavenrepository\xalan\xalan\2.7.2\xalan-2.7.2.jar;D:\Program\CTool\Mavenrepository\xalan\serializer\2.7.2\serializer-2.7.2.jar;D:\Program\CTool\Mavenrepository\xml-apis\xml-apis\1.4.01\xml-apis-1.4.01.jar;D:\Program\CTool\Mavenrepository\org\apache\xmlgraphics\batik-ext\1.13\batik-ext-1.13.jar;D:\Program\CTool\Mavenrepository\org\apache\xmlgraphics\batik-extension\1.13\batik-extension-1.13.jar;D:\Program\CTool\Mavenrepository\org\apache\xmlgraphics\batik-gui-util\1.13\batik-gui-util-1.13.jar;D:\Program\CTool\Mavenrepository\org\apache\xmlgraphics\batik-gvt\1.13\batik-gvt-1.13.jar;D:\Program\CTool\Mavenrepository\org\apache\xmlgraphics\batik-i18n\1.13\batik-i18n-1.13.jar;D:\Program\CTool\Mavenrepository\org\apache\xmlgraphics\batik-parser\1.13\batik-parser-1.13.jar;D:\Program\CTool\Mavenrepository\org\apache\xmlgraphics\batik-rasterizer-ext\1.13\batik-rasterizer-ext-1.13.jar;D:\Program\CTool\Mavenrepository\org\apache\xmlgraphics\batik-rasterizer\1.13\batik-rasterizer-1.13.jar;D:\Program\CTool\Mavenrepository\org\apache\xmlgraphics\batik-script\1.13\batik-script-1.13.jar;D:\Program\CTool\Mavenrepository\org\apache\xmlgraphics\batik-slideshow\1.13\batik-slideshow-1.13.jar;D:\Program\CTool\Mavenrepository\org\apache\xmlgraphics\batik-squiggle-ext\1.13\batik-squiggle-ext-1.13.jar;D:\Program\CTool\Mavenrepository\org\apache\xmlgraphics\batik-squiggle\1.13\batik-squiggle-1.13.jar;D:\Program\CTool\Mavenrepository\org\apache\xmlgraphics\batik-svg-dom\1.13\batik-svg-dom-1.13.jar;D:\Program\CTool\Mavenrepository\org\apache\xmlgraphics\batik-svgbrowser\1.13\batik-svgbrowser-1.13.jar;D:\Program\CTool\Mavenrepository\org\apache\xmlgraphics\batik-svggen\1.13\batik-svggen-1.13.jar;D:\Program\CTool\Mavenrepository\org\apache\xmlgraphics\batik-svgpp\1.13\batik-svgpp-1.13.jar;D:\Program\CTool\Mavenrepository\org\apache\xmlgraphics\batik-svgrasterizer\1.13\batik-svgrasterizer-1.13.jar;D:\Program\CTool\Mavenrepository\org\apache\xmlgraphics\batik-swing\1.13\batik-swing-1.13.jar;D:\Program\CTool\Mavenrepository\org\apache\xmlgraphics\batik-transcoder\1.13\batik-transcoder-1.13.jar;D:\Program\CTool\Mavenrepository\org\apache\xmlgraphics\batik-util\1.13\batik-util-1.13.jar;D:\Program\CTool\Mavenrepository\org\apache\xmlgraphics\batik-ttf2svg\1.13\batik-ttf2svg-1.13.jar;D:\Program\CTool\Mavenrepository\org\apache\xmlgraphics\batik-xml\1.13\batik-xml-1.13.jar;D:\Program\CTool\Mavenrepository\de\rototor\pdfbox\graphics2d\0.30\graphics2d-0.30.jar;D:\Program\CTool\Mavenrepository\org\apache\pdfbox\pdfbox\2.0.22\pdfbox-2.0.22.jar;D:\Program\CTool\Mavenrepository\org\apache\pdfbox\fontbox\2.0.22\fontbox-2.0.22.jar;D:\Program\CTool\Mavenrepository\org\apache\commons\commons-compress\1.21\commons-compress-1.21.jar;D:\Program\CTool\Mavenrepository\org\springframework\boot\spring-boot-starter-thymeleaf\2.7.9\spring-boot-starter-thymeleaf-2.7.9.jar;D:\Program\CTool\Mavenrepository\org\thymeleaf\thymeleaf-spring5\3.0.15.RELEASE\thymeleaf-spring5-3.0.15.RELEASE.jar;D:\Program\CTool\Mavenrepository\org\thymeleaf\thymeleaf\3.0.15.RELEASE\thymeleaf-3.0.15.RELEASE.jar;D:\Program\CTool\Mavenrepository\org\attoparser\attoparser\2.0.5.RELEASE\attoparser-2.0.5.RELEASE.jar;D:\Program\CTool\Mavenrepository\org\unbescape\unbescape\1.1.6.RELEASE\unbescape-1.1.6.RELEASE.jar;D:\Program\CTool\Mavenrepository\org\thymeleaf\extras\thymeleaf-extras-java8time\3.0.4.RELEASE\thymeleaf-extras-java8time-3.0.4.RELEASE.jar;D:\Program\CTool\Mavenrepository\com\alibaba\fastjson\1.2.73\fastjson-1.2.73.jar;"/>
    <property name="sun.cpu.endian" value="little"/>
    <property name="user.home" value="C:\Users\zhuwx"/>
    <property name="user.language" value="zh"/>
    <property name="java.specification.vendor" value="Oracle Corporation"/>
    <property name="java.version.date" value="2023-04-18"/>
    <property name="java.home" value="D:\Program\CTool\JKD\17"/>
    <property name="file.separator" value="\"/>
    <property name="basedir" value="D:\Project\JAVA\bxt"/>
    <property name="java.vm.compressedOopsMode" value="Zero based"/>
    <property name="line.separator" value="&#10;"/>
    <property name="java.vm.specification.vendor" value="Oracle Corporation"/>
    <property name="java.specification.name" value="Java Platform API Specification"/>
    <property name="surefire.real.class.path" value="C:\Users\zhuwx\AppData\Local\Temp\surefire9448208743277510535\surefirebooter8034688691368163219.jar"/>
    <property name="user.script" value=""/>
    <property name="sun.management.compiler" value="HotSpot 64-Bit Tiered Compilers"/>
    <property name="java.runtime.version" value="17.0.7+7-LTS"/>
    <property name="user.name" value="zhuwx"/>
    <property name="path.separator" value=";"/>
    <property name="os.version" value="10.0"/>
    <property name="java.runtime.name" value="OpenJDK Runtime Environment"/>
    <property name="file.encoding" value="GBK"/>
    <property name="java.vm.name" value="OpenJDK 64-Bit Server VM"/>
    <property name="java.vendor.version" value="Corretto-17.0.7.7.1"/>
    <property name="localRepository" value="D:\Program\CTool\Mavenrepository"/>
    <property name="java.vendor.url.bug" value="https://github.com/corretto/corretto-17/issues/"/>
    <property name="java.io.tmpdir" value="C:\Users\zhuwx\AppData\Local\Temp\"/>
    <property name="idea.version" value="2022.3.3"/>
    <property name="java.version" value="17.0.7"/>
    <property name="user.dir" value="D:\Project\JAVA\bxt"/>
    <property name="os.arch" value="amd64"/>
    <property name="java.vm.specification.name" value="Java Virtual Machine Specification"/>
    <property name="sun.os.patch.level" value=""/>
    <property name="native.encoding" value="GBK"/>
    <property name="java.library.path" value="D:\Program\CTool\JKD\17\bin;C:\Windows\Sun\Java\bin;C:\Windows\system32;C:\Windows;D:\Program\CTool\Plastic\server;D:\Program\CTool\Plastic\client;D:\Program\CTool\Python\3.9.10\Scripts\;D:\Program\CTool\Python\3.9.10\;D:\Program\CTool\VMWare\bin\;C:\Windows\system32;C:\Windows;C:\Windows\System32\Wbem;C:\Windows\System32\WindowsPowerShell\v1.0\;C:\Windows\System32\OpenSSH\;D:\Program\CTool\MySQL\8.0.32\bin;D:\Program\CTool\JKD\17\bin;D:\Program\CTool\Maven\bin;D:\Program\CTool\SDK\platform-tools;D:\Program\CTool\SDK\tools;D:\Program\CTool\SDK\build-tools\30.0.3;D:\Program\CTool\Gradle\bin;D:\Program\CTool\Git\cmd;D:\Program\CTool\Node\;D:\Program\CTool\Node\node_global\node_modules;C:\Program Files\Docker\Docker\resources\bin;D:\Program\CTool\Jmeter\5.5\lib\ext\ApacheJMeter_core.jar;D:\Program\CTool\Jmeter\5.5\lib\jorphan.jar;D:\Program\CTool\Jmeter\5.5\bin;C:\Program Files\dotnet\;C:\strawberry\c\bin;C:\strawberry\perl\bin;D:\Program\CTool\Python\3.9.10\Scripts\;D:\Program\CTool\Python\3.9.10\;C:\Users\zhuwx\AppData\Local\Microsoft\WindowsApps;D:\Program\App\Bandizip\Bandizip;D:\Program\CTool\IDEA\2022.3.3\bin;;D:\Program\CTool\Node\node_global;D:\Program\CTool\PyCharm\PyCharm 2023.1\bin;;C:\Users\zhuwx\.dotnet\tools;."/>
    <property name="java.vm.info" value="mixed mode, sharing"/>
    <property name="java.vendor" value="Amazon.com Inc."/>
    <property name="java.vm.version" value="17.0.7+7-LTS"/>
    <property name="sun.io.unicode.encoding" value="UnicodeLittle"/>
    <property name="maven.repo.local" value="D:\Program\CTool\Mavenrepository"/>
    <property name="java.class.version" value="61.0"/>
  </properties>
  <testcase name="extractUnitTest" classname="xyz.zwxin.work.boxiaotong.utils.ProductUtilTest" time="0.001"/>
  <testcase name="testCalculateMinPriceUnit1" classname="xyz.zwxin.work.boxiaotong.utils.ProductUtilTest" time="0.011"/>
  <testcase name="testCalculateMinPriceUnit2" classname="xyz.zwxin.work.boxiaotong.utils.ProductUtilTest" time="0.002"/>
  <testcase name="testCalculateMinPriceUnit3" classname="xyz.zwxin.work.boxiaotong.utils.ProductUtilTest" time="0.002"/>
  <testcase name="testCalculateMinPriceUnit4" classname="xyz.zwxin.work.boxiaotong.utils.ProductUtilTest" time="0"/>
  <testcase name="testCalculateMinPriceUnit5" classname="xyz.zwxin.work.boxiaotong.utils.ProductUtilTest" time="0"/>
</testsuite>